{"C:\\Programming\\Web Development\\Projects\\jqlite\\src\\config.ts": {"path":"C:\\Programming\\Web Development\\Projects\\jqlite\\src\\config.ts","all":false,"statementMap":{"1":{"start":{"line":2,"column":0},"end":{"line":2,"column":37}},"2":{"start":{"line":3,"column":0},"end":{"line":3,"column":39}},"3":{"start":{"line":4,"column":0},"end":{"line":4,"column":54}},"4":{"start":{"line":5,"column":0},"end":{"line":5,"column":50}},"11":{"start":{"line":12,"column":0},"end":{"line":12,"column":49}},"12":{"start":{"line":13,"column":0},"end":{"line":13,"column":25}},"13":{"start":{"line":14,"column":0},"end":{"line":14,"column":42}},"14":{"start":{"line":15,"column":0},"end":{"line":15,"column":1}},"19":{"start":{"line":20,"column":0},"end":{"line":20,"column":28}},"20":{"start":{"line":21,"column":0},"end":{"line":21,"column":25}},"21":{"start":{"line":22,"column":0},"end":{"line":22,"column":34}},"23":{"start":{"line":24,"column":0},"end":{"line":24,"column":42}},"24":{"start":{"line":25,"column":0},"end":{"line":25,"column":54}},"25":{"start":{"line":26,"column":0},"end":{"line":26,"column":58}},"26":{"start":{"line":27,"column":0},"end":{"line":27,"column":48}},"27":{"start":{"line":28,"column":0},"end":{"line":28,"column":44}},"33":{"start":{"line":34,"column":0},"end":{"line":34,"column":32}},"34":{"start":{"line":35,"column":0},"end":{"line":35,"column":67}},"36":{"start":{"line":37,"column":0},"end":{"line":37,"column":39}},"37":{"start":{"line":38,"column":0},"end":{"line":38,"column":51}},"38":{"start":{"line":39,"column":0},"end":{"line":39,"column":55}},"39":{"start":{"line":40,"column":0},"end":{"line":40,"column":45}},"40":{"start":{"line":41,"column":0},"end":{"line":41,"column":41}},"41":{"start":{"line":42,"column":0},"end":{"line":42,"column":3}},"47":{"start":{"line":48,"column":0},"end":{"line":48,"column":24}},"48":{"start":{"line":49,"column":0},"end":{"line":49,"column":23}},"49":{"start":{"line":50,"column":0},"end":{"line":50,"column":3}},"56":{"start":{"line":57,"column":0},"end":{"line":57,"column":54}},"57":{"start":{"line":58,"column":0},"end":{"line":58,"column":76}},"58":{"start":{"line":59,"column":0},"end":{"line":59,"column":74}},"61":{"start":{"line":62,"column":0},"end":{"line":62,"column":30}},"62":{"start":{"line":63,"column":0},"end":{"line":63,"column":75}},"63":{"start":{"line":64,"column":0},"end":{"line":64,"column":73}},"65":{"start":{"line":66,"column":0},"end":{"line":66,"column":72}},"66":{"start":{"line":67,"column":0},"end":{"line":67,"column":71}},"67":{"start":{"line":68,"column":0},"end":{"line":68,"column":36}},"69":{"start":{"line":70,"column":0},"end":{"line":70,"column":46}},"71":{"start":{"line":72,"column":0},"end":{"line":72,"column":3}},"77":{"start":{"line":78,"column":0},"end":{"line":78,"column":43}},"79":{"start":{"line":80,"column":0},"end":{"line":80,"column":29}},"80":{"start":{"line":81,"column":0},"end":{"line":81,"column":60}},"83":{"start":{"line":84,"column":0},"end":{"line":84,"column":73}},"84":{"start":{"line":85,"column":0},"end":{"line":85,"column":75}},"86":{"start":{"line":87,"column":0},"end":{"line":87,"column":91}},"87":{"start":{"line":88,"column":0},"end":{"line":88,"column":3}},"92":{"start":{"line":93,"column":0},"end":{"line":93,"column":31}},"93":{"start":{"line":94,"column":0},"end":{"line":94,"column":46}},"94":{"start":{"line":95,"column":0},"end":{"line":95,"column":3}},"100":{"start":{"line":101,"column":0},"end":{"line":101,"column":53}},"101":{"start":{"line":102,"column":0},"end":{"line":102,"column":52}},"102":{"start":{"line":103,"column":0},"end":{"line":103,"column":3}},"108":{"start":{"line":109,"column":0},"end":{"line":109,"column":56}},"109":{"start":{"line":110,"column":0},"end":{"line":110,"column":26}},"110":{"start":{"line":111,"column":0},"end":{"line":111,"column":66}},"111":{"start":{"line":112,"column":0},"end":{"line":112,"column":67}},"112":{"start":{"line":113,"column":0},"end":{"line":113,"column":3}},"118":{"start":{"line":119,"column":0},"end":{"line":119,"column":50}},"119":{"start":{"line":120,"column":0},"end":{"line":120,"column":23}},"120":{"start":{"line":121,"column":0},"end":{"line":121,"column":63}},"121":{"start":{"line":122,"column":0},"end":{"line":122,"column":58}},"122":{"start":{"line":123,"column":0},"end":{"line":123,"column":3}},"128":{"start":{"line":129,"column":0},"end":{"line":129,"column":61}},"129":{"start":{"line":130,"column":0},"end":{"line":130,"column":73}},"130":{"start":{"line":131,"column":0},"end":{"line":131,"column":3}},"137":{"start":{"line":138,"column":0},"end":{"line":138,"column":38}},"138":{"start":{"line":139,"column":0},"end":{"line":139,"column":27}},"139":{"start":{"line":140,"column":0},"end":{"line":140,"column":48}},"140":{"start":{"line":141,"column":0},"end":{"line":141,"column":39}},"141":{"start":{"line":142,"column":0},"end":{"line":142,"column":51}},"142":{"start":{"line":143,"column":0},"end":{"line":143,"column":55}},"143":{"start":{"line":144,"column":0},"end":{"line":144,"column":45}},"144":{"start":{"line":145,"column":0},"end":{"line":145,"column":41}},"146":{"start":{"line":147,"column":0},"end":{"line":147,"column":23}},"147":{"start":{"line":148,"column":0},"end":{"line":148,"column":3}},"152":{"start":{"line":153,"column":0},"end":{"line":153,"column":18}},"153":{"start":{"line":154,"column":0},"end":{"line":154,"column":33}},"154":{"start":{"line":155,"column":0},"end":{"line":155,"column":42}},"155":{"start":{"line":156,"column":0},"end":{"line":156,"column":54}},"156":{"start":{"line":157,"column":0},"end":{"line":157,"column":58}},"157":{"start":{"line":158,"column":0},"end":{"line":158,"column":48}},"158":{"start":{"line":159,"column":0},"end":{"line":159,"column":44}},"159":{"start":{"line":160,"column":0},"end":{"line":160,"column":3}},"160":{"start":{"line":161,"column":0},"end":{"line":161,"column":1}}},"s":{"1":1,"2":1,"3":1,"4":1,"11":17,"12":17,"13":17,"14":17,"19":1,"20":30,"21":30,"23":30,"24":30,"25":30,"26":30,"27":30,"33":30,"34":30,"36":30,"37":30,"38":30,"39":30,"40":30,"41":30,"47":30,"48":15,"49":15,"56":30,"57":5,"58":5,"61":5,"62":2,"63":2,"65":1,"66":1,"67":5,"69":1,"71":5,"77":30,"79":4,"80":4,"83":2,"84":4,"86":1,"87":4,"92":30,"93":2,"94":2,"100":30,"101":2,"102":2,"108":30,"109":1,"110":1,"111":0,"112":1,"118":30,"119":1,"120":1,"121":0,"122":1,"128":30,"129":0,"130":0,"137":30,"138":4,"139":4,"140":4,"141":4,"142":4,"143":4,"144":4,"146":4,"147":4,"152":30,"153":1,"154":1,"155":1,"156":1,"157":1,"158":1,"159":1,"160":30},"branchMap":{"0":{"type":"branch","line":12,"loc":{"start":{"line":12,"column":0},"end":{"line":15,"column":1}},"locations":[{"start":{"line":12,"column":0},"end":{"line":15,"column":1}}]},"1":{"type":"branch","line":20,"loc":{"start":{"line":20,"column":27},"end":{"line":161,"column":1}},"locations":[{"start":{"line":20,"column":27},"end":{"line":161,"column":1}}]},"2":{"type":"branch","line":34,"loc":{"start":{"line":34,"column":2},"end":{"line":42,"column":3}},"locations":[{"start":{"line":34,"column":2},"end":{"line":42,"column":3}}]},"3":{"type":"branch","line":35,"loc":{"start":{"line":35,"column":18},"end":{"line":35,"column":52}},"locations":[{"start":{"line":35,"column":18},"end":{"line":35,"column":52}}]},"4":{"type":"branch","line":35,"loc":{"start":{"line":35,"column":48},"end":{"line":35,"column":67}},"locations":[{"start":{"line":35,"column":48},"end":{"line":35,"column":67}}]},"5":{"type":"branch","line":48,"loc":{"start":{"line":48,"column":9},"end":{"line":50,"column":3}},"locations":[{"start":{"line":48,"column":9},"end":{"line":50,"column":3}}]},"6":{"type":"branch","line":57,"loc":{"start":{"line":57,"column":9},"end":{"line":72,"column":3}},"locations":[{"start":{"line":57,"column":9},"end":{"line":72,"column":3}}]},"7":{"type":"branch","line":58,"loc":{"start":{"line":58,"column":27},"end":{"line":58,"column":76}},"locations":[{"start":{"line":58,"column":27},"end":{"line":58,"column":76}}]},"8":{"type":"branch","line":58,"loc":{"start":{"line":58,"column":74},"end":{"line":59,"column":32}},"locations":[{"start":{"line":58,"column":74},"end":{"line":59,"column":32}}]},"9":{"type":"branch","line":59,"loc":{"start":{"line":59,"column":26},"end":{"line":59,"column":74}},"locations":[{"start":{"line":59,"column":26},"end":{"line":59,"column":74}}]},"10":{"type":"branch","line":59,"loc":{"start":{"line":59,"column":72},"end":{"line":62,"column":29}},"locations":[{"start":{"line":59,"column":72},"end":{"line":62,"column":29}}]},"11":{"type":"branch","line":62,"loc":{"start":{"line":62,"column":29},"end":{"line":68,"column":11}},"locations":[{"start":{"line":62,"column":29},"end":{"line":68,"column":11}}]},"12":{"type":"branch","line":64,"loc":{"start":{"line":64,"column":23},"end":{"line":67,"column":71}},"locations":[{"start":{"line":64,"column":23},"end":{"line":67,"column":71}}]},"13":{"type":"branch","line":68,"loc":{"start":{"line":68,"column":4},"end":{"line":70,"column":46}},"locations":[{"start":{"line":68,"column":4},"end":{"line":70,"column":46}}]},"14":{"type":"branch","line":63,"loc":{"start":{"line":63,"column":51},"end":{"line":63,"column":73}},"locations":[{"start":{"line":63,"column":51},"end":{"line":63,"column":73}}]},"15":{"type":"branch","line":66,"loc":{"start":{"line":66,"column":50},"end":{"line":66,"column":70}},"locations":[{"start":{"line":66,"column":50},"end":{"line":66,"column":70}}]},"16":{"type":"branch","line":78,"loc":{"start":{"line":78,"column":9},"end":{"line":88,"column":3}},"locations":[{"start":{"line":78,"column":9},"end":{"line":88,"column":3}}]},"17":{"type":"branch","line":81,"loc":{"start":{"line":81,"column":6},"end":{"line":85,"column":28}},"locations":[{"start":{"line":81,"column":6},"end":{"line":85,"column":28}}]},"18":{"type":"branch","line":85,"loc":{"start":{"line":85,"column":22},"end":{"line":87,"column":91}},"locations":[{"start":{"line":85,"column":22},"end":{"line":87,"column":91}}]},"19":{"type":"branch","line":84,"loc":{"start":{"line":84,"column":49},"end":{"line":84,"column":71}},"locations":[{"start":{"line":84,"column":49},"end":{"line":84,"column":71}}]},"20":{"type":"branch","line":87,"loc":{"start":{"line":87,"column":67},"end":{"line":87,"column":89}},"locations":[{"start":{"line":87,"column":67},"end":{"line":87,"column":89}}]},"21":{"type":"branch","line":93,"loc":{"start":{"line":93,"column":9},"end":{"line":95,"column":3}},"locations":[{"start":{"line":93,"column":9},"end":{"line":95,"column":3}}]},"22":{"type":"branch","line":101,"loc":{"start":{"line":101,"column":9},"end":{"line":103,"column":3}},"locations":[{"start":{"line":101,"column":9},"end":{"line":103,"column":3}}]},"23":{"type":"branch","line":109,"loc":{"start":{"line":109,"column":9},"end":{"line":113,"column":3}},"locations":[{"start":{"line":109,"column":9},"end":{"line":113,"column":3}}]},"24":{"type":"branch","line":111,"loc":{"start":{"line":111,"column":64},"end":{"line":112,"column":67}},"locations":[{"start":{"line":111,"column":64},"end":{"line":112,"column":67}}]},"25":{"type":"branch","line":119,"loc":{"start":{"line":119,"column":9},"end":{"line":123,"column":3}},"locations":[{"start":{"line":119,"column":9},"end":{"line":123,"column":3}}]},"26":{"type":"branch","line":121,"loc":{"start":{"line":121,"column":61},"end":{"line":122,"column":58}},"locations":[{"start":{"line":121,"column":61},"end":{"line":122,"column":58}}]},"27":{"type":"branch","line":138,"loc":{"start":{"line":138,"column":9},"end":{"line":148,"column":3}},"locations":[{"start":{"line":138,"column":9},"end":{"line":148,"column":3}}]},"28":{"type":"branch","line":153,"loc":{"start":{"line":153,"column":9},"end":{"line":160,"column":3}},"locations":[{"start":{"line":153,"column":9},"end":{"line":160,"column":3}}]}},"b":{"0":[17],"1":[30],"2":[30],"3":[17],"4":[13],"5":[15],"6":[5],"7":[1],"8":[4],"9":[1],"10":[3],"11":[2],"12":[1],"13":[1],"14":[2],"15":[1],"16":[4],"17":[2],"18":[1],"19":[2],"20":[1],"21":[2],"22":[2],"23":[1],"24":[0],"25":[1],"26":[0],"27":[4],"28":[1]},"fnMap":{"0":{"name":"overrideConfig","decl":{"start":{"line":12,"column":0},"end":{"line":15,"column":1}},"loc":{"start":{"line":12,"column":0},"end":{"line":15,"column":1}},"line":12},"1":{"name":"<instance_members_initializer>","decl":{"start":{"line":20,"column":27},"end":{"line":161,"column":1}},"loc":{"start":{"line":20,"column":27},"end":{"line":161,"column":1}},"line":20},"2":{"name":"ConfigManager","decl":{"start":{"line":34,"column":2},"end":{"line":42,"column":3}},"loc":{"start":{"line":34,"column":2},"end":{"line":42,"column":3}},"line":34},"3":{"name":"get","decl":{"start":{"line":48,"column":9},"end":{"line":50,"column":3}},"loc":{"start":{"line":48,"column":9},"end":{"line":50,"column":3}},"line":48},"4":{"name":"addAlias","decl":{"start":{"line":57,"column":9},"end":{"line":72,"column":3}},"loc":{"start":{"line":57,"column":9},"end":{"line":72,"column":3}},"line":57},"5":{"name":"removeAlias","decl":{"start":{"line":78,"column":9},"end":{"line":88,"column":3}},"loc":{"start":{"line":78,"column":9},"end":{"line":88,"column":3}},"line":78},"6":{"name":"clearAliases","decl":{"start":{"line":93,"column":9},"end":{"line":95,"column":3}},"loc":{"start":{"line":93,"column":9},"end":{"line":95,"column":3}},"line":93},"7":{"name":"setFallback","decl":{"start":{"line":101,"column":9},"end":{"line":103,"column":3}},"loc":{"start":{"line":101,"column":9},"end":{"line":103,"column":3}},"line":101},"8":{"name":"setFuzzyDistance","decl":{"start":{"line":109,"column":9},"end":{"line":113,"column":3}},"loc":{"start":{"line":109,"column":9},"end":{"line":113,"column":3}},"line":109},"9":{"name":"setFuzzyLimit","decl":{"start":{"line":119,"column":9},"end":{"line":123,"column":3}},"loc":{"start":{"line":119,"column":9},"end":{"line":123,"column":3}},"line":119},"10":{"name":"setFuzzyIgnoreCase","decl":{"start":{"line":129,"column":9},"end":{"line":131,"column":3}},"loc":{"start":{"line":129,"column":9},"end":{"line":131,"column":3}},"line":129},"11":{"name":"set","decl":{"start":{"line":138,"column":9},"end":{"line":148,"column":3}},"loc":{"start":{"line":138,"column":9},"end":{"line":148,"column":3}},"line":138},"12":{"name":"reset","decl":{"start":{"line":153,"column":9},"end":{"line":160,"column":3}},"loc":{"start":{"line":153,"column":9},"end":{"line":160,"column":3}},"line":153}},"f":{"0":17,"1":30,"2":30,"3":15,"4":5,"5":4,"6":2,"7":2,"8":1,"9":1,"10":0,"11":4,"12":1}}
,"C:\\Programming\\Web Development\\Projects\\jqlite\\src\\errors.ts": {"path":"C:\\Programming\\Web Development\\Projects\\jqlite\\src\\errors.ts","all":false,"statementMap":{"0":{"start":{"line":1,"column":0},"end":{"line":1,"column":55}},"3":{"start":{"line":4,"column":0},"end":{"line":4,"column":23}},"4":{"start":{"line":5,"column":0},"end":{"line":5,"column":10}},"5":{"start":{"line":6,"column":0},"end":{"line":6,"column":13}},"6":{"start":{"line":7,"column":0},"end":{"line":7,"column":38}},"7":{"start":{"line":8,"column":0},"end":{"line":8,"column":19}},"8":{"start":{"line":9,"column":0},"end":{"line":9,"column":62}},"9":{"start":{"line":10,"column":0},"end":{"line":10,"column":6}},"10":{"start":{"line":11,"column":0},"end":{"line":11,"column":16}},"11":{"start":{"line":12,"column":0},"end":{"line":12,"column":33}},"12":{"start":{"line":13,"column":0},"end":{"line":13,"column":19}},"13":{"start":{"line":14,"column":0},"end":{"line":14,"column":60}},"14":{"start":{"line":15,"column":0},"end":{"line":15,"column":6}},"15":{"start":{"line":16,"column":0},"end":{"line":16,"column":12}},"16":{"start":{"line":17,"column":0},"end":{"line":17,"column":32}},"17":{"start":{"line":18,"column":0},"end":{"line":18,"column":19}},"18":{"start":{"line":19,"column":0},"end":{"line":19,"column":43}},"19":{"start":{"line":20,"column":0},"end":{"line":20,"column":6}},"20":{"start":{"line":21,"column":0},"end":{"line":21,"column":17}},"21":{"start":{"line":22,"column":0},"end":{"line":22,"column":28}},"22":{"start":{"line":23,"column":0},"end":{"line":23,"column":19}},"23":{"start":{"line":24,"column":0},"end":{"line":24,"column":60}},"24":{"start":{"line":25,"column":0},"end":{"line":25,"column":6}},"25":{"start":{"line":26,"column":0},"end":{"line":26,"column":16}},"26":{"start":{"line":27,"column":0},"end":{"line":27,"column":39}},"27":{"start":{"line":28,"column":0},"end":{"line":28,"column":19}},"28":{"start":{"line":29,"column":0},"end":{"line":29,"column":47}},"29":{"start":{"line":30,"column":0},"end":{"line":30,"column":6}},"30":{"start":{"line":31,"column":0},"end":{"line":31,"column":4}},"31":{"start":{"line":32,"column":0},"end":{"line":32,"column":9}},"32":{"start":{"line":33,"column":0},"end":{"line":33,"column":13}},"33":{"start":{"line":34,"column":0},"end":{"line":34,"column":37}},"34":{"start":{"line":35,"column":0},"end":{"line":35,"column":19}},"35":{"start":{"line":36,"column":0},"end":{"line":36,"column":60}},"36":{"start":{"line":37,"column":0},"end":{"line":37,"column":6}},"37":{"start":{"line":38,"column":0},"end":{"line":38,"column":12}},"38":{"start":{"line":39,"column":0},"end":{"line":39,"column":31}},"39":{"start":{"line":40,"column":0},"end":{"line":40,"column":19}},"40":{"start":{"line":41,"column":0},"end":{"line":41,"column":42}},"41":{"start":{"line":42,"column":0},"end":{"line":42,"column":6}},"42":{"start":{"line":43,"column":0},"end":{"line":43,"column":16}},"43":{"start":{"line":44,"column":0},"end":{"line":44,"column":38}},"44":{"start":{"line":45,"column":0},"end":{"line":45,"column":19}},"45":{"start":{"line":46,"column":0},"end":{"line":46,"column":47}},"46":{"start":{"line":47,"column":0},"end":{"line":47,"column":6}},"47":{"start":{"line":48,"column":0},"end":{"line":48,"column":4}},"48":{"start":{"line":49,"column":0},"end":{"line":49,"column":10}},"49":{"start":{"line":50,"column":0},"end":{"line":50,"column":23}},"50":{"start":{"line":51,"column":0},"end":{"line":51,"column":40}},"51":{"start":{"line":52,"column":0},"end":{"line":52,"column":19}},"52":{"start":{"line":53,"column":0},"end":{"line":53,"column":60}},"53":{"start":{"line":54,"column":0},"end":{"line":54,"column":6}},"54":{"start":{"line":55,"column":0},"end":{"line":55,"column":20}},"55":{"start":{"line":56,"column":0},"end":{"line":56,"column":37}},"56":{"start":{"line":57,"column":0},"end":{"line":57,"column":19}},"57":{"start":{"line":58,"column":0},"end":{"line":58,"column":57}},"58":{"start":{"line":59,"column":0},"end":{"line":59,"column":6}},"59":{"start":{"line":60,"column":0},"end":{"line":60,"column":4}},"60":{"start":{"line":61,"column":0},"end":{"line":61,"column":2}},"65":{"start":{"line":66,"column":0},"end":{"line":66,"column":40}},"66":{"start":{"line":67,"column":0},"end":{"line":67,"column":25}},"67":{"start":{"line":68,"column":0},"end":{"line":68,"column":34}},"68":{"start":{"line":69,"column":0},"end":{"line":69,"column":61}},"69":{"start":{"line":70,"column":0},"end":{"line":70,"column":19}},"70":{"start":{"line":71,"column":0},"end":{"line":71,"column":30}},"71":{"start":{"line":72,"column":0},"end":{"line":72,"column":21}},"72":{"start":{"line":73,"column":0},"end":{"line":73,"column":23}},"73":{"start":{"line":74,"column":0},"end":{"line":74,"column":77}},"74":{"start":{"line":75,"column":0},"end":{"line":75,"column":3}},"75":{"start":{"line":76,"column":0},"end":{"line":76,"column":1}},"80":{"start":{"line":81,"column":0},"end":{"line":81,"column":46}},"81":{"start":{"line":82,"column":0},"end":{"line":82,"column":15}},"82":{"start":{"line":83,"column":0},"end":{"line":83,"column":12}},"83":{"start":{"line":84,"column":0},"end":{"line":84,"column":9}},"84":{"start":{"line":85,"column":0},"end":{"line":85,"column":10}},"85":{"start":{"line":86,"column":0},"end":{"line":86,"column":6}},"89":{"start":{"line":90,"column":0},"end":{"line":90,"column":6}},"90":{"start":{"line":91,"column":0},"end":{"line":91,"column":32}},"91":{"start":{"line":92,"column":0},"end":{"line":92,"column":30}},"92":{"start":{"line":93,"column":0},"end":{"line":93,"column":79}},"93":{"start":{"line":94,"column":0},"end":{"line":94,"column":3}},"94":{"start":{"line":95,"column":0},"end":{"line":95,"column":1}}},"s":{"0":1,"3":1,"4":1,"5":1,"6":1,"7":1,"8":1,"9":1,"10":1,"11":1,"12":1,"13":1,"14":1,"15":1,"16":1,"17":1,"18":1,"19":1,"20":1,"21":1,"22":1,"23":1,"24":1,"25":1,"26":1,"27":1,"28":1,"29":1,"30":1,"31":1,"32":1,"33":1,"34":1,"35":1,"36":1,"37":1,"38":1,"39":1,"40":1,"41":1,"42":1,"43":1,"44":1,"45":1,"46":1,"47":1,"48":1,"49":1,"50":1,"51":1,"52":1,"53":1,"54":1,"55":1,"56":1,"57":1,"58":1,"59":1,"60":1,"65":1,"66":14,"67":14,"68":14,"69":14,"70":14,"71":14,"72":14,"73":14,"74":14,"75":14,"80":1,"81":1,"82":14,"83":14,"84":14,"85":14,"89":14,"90":14,"91":14,"92":14,"93":14,"94":1},"branchMap":{"0":{"type":"branch","line":66,"loc":{"start":{"line":66,"column":39},"end":{"line":76,"column":1}},"locations":[{"start":{"line":66,"column":39},"end":{"line":76,"column":1}}]},"1":{"type":"branch","line":69,"loc":{"start":{"line":69,"column":2},"end":{"line":75,"column":3}},"locations":[{"start":{"line":69,"column":2},"end":{"line":75,"column":3}}]},"2":{"type":"branch","line":82,"loc":{"start":{"line":82,"column":2},"end":{"line":94,"column":3}},"locations":[{"start":{"line":82,"column":2},"end":{"line":94,"column":3}}]}},"b":{"0":[14],"1":[14],"2":[14]},"fnMap":{"0":{"name":"<instance_members_initializer>","decl":{"start":{"line":66,"column":39},"end":{"line":76,"column":1}},"loc":{"start":{"line":66,"column":39},"end":{"line":76,"column":1}},"line":66},"1":{"name":"JQLiteError","decl":{"start":{"line":69,"column":2},"end":{"line":75,"column":3}},"loc":{"start":{"line":69,"column":2},"end":{"line":75,"column":3}},"line":69},"2":{"name":"ConfigError","decl":{"start":{"line":82,"column":2},"end":{"line":94,"column":3}},"loc":{"start":{"line":82,"column":2},"end":{"line":94,"column":3}},"line":82}},"f":{"0":14,"1":14,"2":14}}
,"C:\\Programming\\Web Development\\Projects\\jqlite\\src\\index.ts": {"path":"C:\\Programming\\Web Development\\Projects\\jqlite\\src\\index.ts","all":false,"statementMap":{"1":{"start":{"line":2,"column":0},"end":{"line":2,"column":39}},"6":{"start":{"line":7,"column":0},"end":{"line":7,"column":21}},"7":{"start":{"line":8,"column":0},"end":{"line":8,"column":31}},"9":{"start":{"line":10,"column":0},"end":{"line":10,"column":32}},"10":{"start":{"line":11,"column":0},"end":{"line":11,"column":44}},"11":{"start":{"line":12,"column":0},"end":{"line":12,"column":3}},"12":{"start":{"line":13,"column":0},"end":{"line":13,"column":1}}},"s":{"1":1,"6":1,"7":30,"9":30,"10":30,"11":30,"12":30},"branchMap":{"0":{"type":"branch","line":7,"loc":{"start":{"line":7,"column":20},"end":{"line":13,"column":1}},"locations":[{"start":{"line":7,"column":20},"end":{"line":13,"column":1}}]},"1":{"type":"branch","line":10,"loc":{"start":{"line":10,"column":2},"end":{"line":12,"column":3}},"locations":[{"start":{"line":10,"column":2},"end":{"line":12,"column":3}}]}},"b":{"0":[30],"1":[30]},"fnMap":{"0":{"name":"<instance_members_initializer>","decl":{"start":{"line":7,"column":20},"end":{"line":13,"column":1}},"loc":{"start":{"line":7,"column":20},"end":{"line":13,"column":1}},"line":7},"1":{"name":"JQLite","decl":{"start":{"line":10,"column":2},"end":{"line":12,"column":3}},"loc":{"start":{"line":10,"column":2},"end":{"line":12,"column":3}},"line":10}},"f":{"0":30,"1":30}}
,"C:\\Programming\\Web Development\\Projects\\jqlite\\src\\constants\\index.ts": {"path":"C:\\Programming\\Web Development\\Projects\\jqlite\\src\\constants\\index.ts","all":false,"statementMap":{"2":{"start":{"line":3,"column":0},"end":{"line":3,"column":62}},"4":{"start":{"line":5,"column":0},"end":{"line":5,"column":32}},"5":{"start":{"line":6,"column":0},"end":{"line":6,"column":16}},"6":{"start":{"line":7,"column":0},"end":{"line":7,"column":17}},"7":{"start":{"line":8,"column":0},"end":{"line":8,"column":19}},"8":{"start":{"line":9,"column":0},"end":{"line":9,"column":16}},"9":{"start":{"line":10,"column":0},"end":{"line":10,"column":24}},"10":{"start":{"line":11,"column":0},"end":{"line":11,"column":2}}},"s":{"2":1,"4":1,"5":1,"6":1,"7":1,"8":1,"9":1,"10":1},"branchMap":{},"b":{},"fnMap":{},"f":{}}
,"C:\\Programming\\Web Development\\Projects\\jqlite\\src\\lib\\validate-config.ts": {"path":"C:\\Programming\\Web Development\\Projects\\jqlite\\src\\lib\\validate-config.ts","all":false,"statementMap":{"0":{"start":{"line":1,"column":0},"end":{"line":1,"column":52}},"7":{"start":{"line":8,"column":0},"end":{"line":8,"column":41}},"8":{"start":{"line":9,"column":0},"end":{"line":9,"column":49}},"9":{"start":{"line":10,"column":0},"end":{"line":10,"column":61}},"10":{"start":{"line":11,"column":0},"end":{"line":11,"column":55}},"11":{"start":{"line":12,"column":0},"end":{"line":12,"column":64}},"12":{"start":{"line":13,"column":0},"end":{"line":13,"column":23}},"13":{"start":{"line":14,"column":0},"end":{"line":14,"column":54}},"14":{"start":{"line":15,"column":0},"end":{"line":15,"column":55}},"15":{"start":{"line":16,"column":0},"end":{"line":16,"column":53}},"16":{"start":{"line":17,"column":0},"end":{"line":17,"column":54}},"17":{"start":{"line":18,"column":0},"end":{"line":18,"column":3}},"20":{"start":{"line":21,"column":0},"end":{"line":21,"column":23}},"21":{"start":{"line":22,"column":0},"end":{"line":22,"column":53}},"22":{"start":{"line":23,"column":0},"end":{"line":23,"column":50}},"24":{"start":{"line":25,"column":0},"end":{"line":25,"column":49}},"25":{"start":{"line":26,"column":0},"end":{"line":26,"column":59}},"26":{"start":{"line":27,"column":0},"end":{"line":27,"column":45}},"27":{"start":{"line":28,"column":0},"end":{"line":28,"column":58}},"28":{"start":{"line":29,"column":0},"end":{"line":29,"column":3}},"29":{"start":{"line":30,"column":0},"end":{"line":30,"column":1}}},"s":{"0":1,"7":21,"8":21,"9":21,"10":21,"11":21,"12":21,"13":12,"14":12,"15":11,"16":12,"17":12,"20":21,"21":11,"22":11,"24":11,"25":11,"26":10,"27":11,"28":11,"29":21},"branchMap":{"0":{"type":"branch","line":8,"loc":{"start":{"line":8,"column":0},"end":{"line":30,"column":1}},"locations":[{"start":{"line":8,"column":0},"end":{"line":30,"column":1}}]},"1":{"type":"branch","line":9,"loc":{"start":{"line":9,"column":13},"end":{"line":9,"column":49}},"locations":[{"start":{"line":9,"column":13},"end":{"line":9,"column":49}}]},"2":{"type":"branch","line":10,"loc":{"start":{"line":10,"column":4},"end":{"line":10,"column":61}},"locations":[{"start":{"line":10,"column":4},"end":{"line":10,"column":61}}]},"3":{"type":"branch","line":10,"loc":{"start":{"line":10,"column":59},"end":{"line":11,"column":30}},"locations":[{"start":{"line":10,"column":59},"end":{"line":11,"column":30}}]},"4":{"type":"branch","line":11,"loc":{"start":{"line":11,"column":13},"end":{"line":11,"column":55}},"locations":[{"start":{"line":11,"column":13},"end":{"line":11,"column":55}}]},"5":{"type":"branch","line":12,"loc":{"start":{"line":12,"column":4},"end":{"line":12,"column":64}},"locations":[{"start":{"line":12,"column":4},"end":{"line":12,"column":64}}]},"6":{"type":"branch","line":12,"loc":{"start":{"line":12,"column":62},"end":{"line":13,"column":22}},"locations":[{"start":{"line":12,"column":62},"end":{"line":13,"column":22}}]},"7":{"type":"branch","line":13,"loc":{"start":{"line":13,"column":22},"end":{"line":18,"column":3}},"locations":[{"start":{"line":13,"column":22},"end":{"line":18,"column":3}}]},"8":{"type":"branch","line":15,"loc":{"start":{"line":15,"column":6},"end":{"line":15,"column":55}},"locations":[{"start":{"line":15,"column":6},"end":{"line":15,"column":55}}]},"9":{"type":"branch","line":15,"loc":{"start":{"line":15,"column":53},"end":{"line":17,"column":12}},"locations":[{"start":{"line":15,"column":53},"end":{"line":17,"column":12}}]},"10":{"type":"branch","line":17,"loc":{"start":{"line":17,"column":6},"end":{"line":17,"column":54}},"locations":[{"start":{"line":17,"column":6},"end":{"line":17,"column":54}}]},"11":{"type":"branch","line":18,"loc":{"start":{"line":18,"column":2},"end":{"line":21,"column":22}},"locations":[{"start":{"line":18,"column":2},"end":{"line":21,"column":22}}]},"12":{"type":"branch","line":21,"loc":{"start":{"line":21,"column":22},"end":{"line":29,"column":3}},"locations":[{"start":{"line":21,"column":22},"end":{"line":29,"column":3}}]},"13":{"type":"branch","line":26,"loc":{"start":{"line":26,"column":6},"end":{"line":26,"column":59}},"locations":[{"start":{"line":26,"column":6},"end":{"line":26,"column":59}}]},"14":{"type":"branch","line":26,"loc":{"start":{"line":26,"column":57},"end":{"line":28,"column":12}},"locations":[{"start":{"line":26,"column":57},"end":{"line":28,"column":12}}]},"15":{"type":"branch","line":28,"loc":{"start":{"line":28,"column":6},"end":{"line":28,"column":58}},"locations":[{"start":{"line":28,"column":6},"end":{"line":28,"column":58}}]},"16":{"type":"branch","line":14,"loc":{"start":{"line":14,"column":28},"end":{"line":14,"column":52}},"locations":[{"start":{"line":14,"column":28},"end":{"line":14,"column":52}}]},"17":{"type":"branch","line":16,"loc":{"start":{"line":16,"column":28},"end":{"line":16,"column":51}},"locations":[{"start":{"line":16,"column":28},"end":{"line":16,"column":51}}]},"18":{"type":"branch","line":22,"loc":{"start":{"line":22,"column":39},"end":{"line":22,"column":51}},"locations":[{"start":{"line":22,"column":39},"end":{"line":22,"column":51}}]},"19":{"type":"branch","line":23,"loc":{"start":{"line":23,"column":37},"end":{"line":23,"column":48}},"locations":[{"start":{"line":23,"column":37},"end":{"line":23,"column":48}}]}},"b":{"0":[21],"1":[7],"2":[2],"3":[19],"4":[6],"5":[1],"6":[18],"7":[12],"8":[1],"9":[11],"10":[0],"11":[17],"12":[11],"13":[1],"14":[10],"15":[0],"16":[13],"17":[12],"18":[12],"19":[12]},"fnMap":{"0":{"name":"validateConfig","decl":{"start":{"line":8,"column":0},"end":{"line":30,"column":1}},"loc":{"start":{"line":8,"column":0},"end":{"line":30,"column":1}},"line":8}},"f":{"0":21}}
}
